Validity gate: K_6^3 single-side (POOL_B, depth=5) = 51  (must be 51) -> PASS

============================================================================
Probe — Q_24 = cyc(6) carries causal-entailment (constant slope per n)
============================================================================

cyc(n) closure law: |Q| = 4n (paper Prop cyc-law)
K_n^3 closure law: |Q| = n(3n-1)/2 (paper Thm Kn-pent)

  n  |Q(cyc(n))|   4n  cyc match  |Q(K_n^3)|  n(3n-1)/2  Kn match
----------------------------------------------------------------------------
  3           12   12          Y          12         12         Y
  4           16   16          Y          22         22         Y
  5           20   20          Y          35         35         Y
  6           24   24          Y          51         51         Y
  7           28   28          Y          70         70         Y
  8           32   32          Y           -          -         -
  9           36   36          Y           -          -         -
 10           40   40          Y           -          -         -

Slope analysis: |Q| / n
  n  cyc slope  K_n^3 slope    K_n^3 / cyc slope
--------------------------------------------------
  3       4.00         4.00                 1.00
  4       4.00         5.50                 1.38
  5       4.00         7.00                 1.75
  6       4.00         8.50                 2.12
  7       4.00        10.00                 2.50

cyc slope is CONSTANT at 4 (causal-entailment fixed width).
K_n^3 slope GROWS with n (cluster proliferation).

Multiway closure growth for cyc(6) by depth:
  depth -> |Q|: [6, 12, 24, 24, 24, 24]  (saturates at 24 = 4*6)

cyc(n) -> 4n verified for n=3..10:        PASS
K_n^3 -> n(3n-1)/2 verified for n=3..7:  PASS

Hypothesis 'cyc(n) carries causal-entailment (constant slope) vs K_n^3 cluster proliferation (growing slope)': PASS
